META·LAB API on :3001
[settings] Default settings initialized.
[2026-06-08T02:03:11.750Z] GET /api/health → 200 (9ms)
[2026-06-08T02:03:50.382Z] POST /api/auth/login → 200 (596ms)
[2026-06-08T02:03:50.473Z] GET /api/admin/users?limit=2 → 200 (14ms)
[2026-06-08T02:03:50.509Z] GET /api/admin/projects?limit=2 → 200 (9ms)
[2026-06-08T02:03:50.525Z] GET /api/admin/contact-messages → 200 (8ms)
[2026-06-08T02:04:00.077Z] GET /api/health → 200 (1ms)
[2026-06-08T02:04:00.098Z] GET /api/admin/metrics → 401 (1ms)
[2026-06-08T02:04:00.102Z] GET /api/admin/metrics → 401 (1ms)
[2026-06-08T02:04:00.108Z] GET /api/admin/metrics → 401 (2ms)
[2026-06-08T02:04:00.126Z] PUT /api/admin/settings → 401 (1ms)
[2026-06-08T02:04:00.131Z] GET /api/admin/metrics → 401 (1ms)
[2026-06-08T02:04:00.134Z] GET /api/admin/users → 401 (1ms)
[2026-06-08T02:04:00.154Z] POST /api/auth/login → 401 (13ms)
[2026-06-08T02:04:00.267Z] GET /api/health → 200 (2ms)
[2026-06-08T02:04:00.271Z] GET /api/health → 200 (2ms)
[2026-06-08T02:04:00.274Z] GET /api/health → 200 (2ms)
[2026-06-08T02:04:00.382Z] GET /api/health → 200 (2ms)
[2026-06-08T02:04:00.800Z] POST /api/auth/login → 401 (416ms)
[2026-06-08T02:04:01.108Z] POST /api/auth/login → 401 (613ms)
[2026-06-08T02:04:01.111Z] GET /api/health → 200 (0ms)
[2026-06-08T02:04:01.113Z] GET /api/health → 200 (1ms)
[2026-06-08T02:04:01.114Z] GET /api/health → 200 (1ms)
[2026-06-08T02:04:01.115Z] GET /api/health → 200 (0ms)
[2026-06-08T02:04:01.117Z] GET /api/health → 200 (1ms)
[2026-06-08T02:04:01.118Z] GET /api/health → 200 (0ms)
[2026-06-08T02:04:01.432Z] PUT /api/projects/any-project-id/autosave → 401 (1ms)
[2026-06-08T02:04:01.435Z] GET /api/health → 200 (1ms)
[2026-06-08T02:04:01.916Z] POST /api/projects/any-project-id/duplicate → 401 (1ms)
[2026-06-08T02:04:01.919Z] GET /api/health → 200 (1ms)
[2026-06-08T02:04:02.426Z] GET /api/profile → 401 (1ms)
[2026-06-08T02:04:02.428Z] GET /api/health → 200 (1ms)
[2026-06-08T02:04:02.430Z] POST /api/auth/login → 401 (1003ms)
[2026-06-08T02:04:02.431Z] POST /api/auth/login → 401 (1001ms)
[2026-06-08T02:04:02.435Z] POST /api/auth/register → 201 (2276ms)
[2026-06-08T02:04:02.436Z] POST /api/auth/login → 401 (1007ms)
[2026-06-08T02:04:02.867Z] PUT /api/profile/password → 401 (0ms)
[2026-06-08T02:04:02.870Z] GET /api/health → 200 (1ms)
[2026-06-08T02:04:02.876Z] GET /api/admin/metrics → 401 (0ms)
[2026-06-08T02:04:03.182Z] PUT /api/profile → 401 (1ms)
[2026-06-08T02:04:03.189Z] POST /api/auth/register → 201 (2802ms)
[2026-06-08T02:04:03.192Z] POST /api/auth/register → 201 (2803ms)
[2026-06-08T02:04:03.799Z] GET /api/health → 200 (1ms)
[2026-06-08T02:04:04.274Z] GET /api/admin/metrics → 403 (1089ms)
[2026-06-08T02:04:04.309Z] POST /api/auth/login → 200 (2883ms)
[2026-06-08T02:04:04.816Z] GET /api/admin/metrics → 401 (0ms)
[2026-06-08T02:04:04.820Z] POST /api/auth/register → 201 (3714ms)
[2026-06-08T02:04:05.335Z] POST /api/auth/register → 201 (3912ms)
[2026-06-08T02:04:05.847Z] POST /api/projects → 201 (1026ms)
[2026-06-08T02:04:05.856Z] POST /api/meta/run → 200 (5ms)
[2026-06-08T02:04:06.141Z] PUT /api/admin/settings → 403 (811ms)
[2026-06-08T02:04:06.149Z] POST /api/meta/run → 200 (3ms)
[2026-06-08T02:04:06.150Z] PUT /api/projects/auto-1780884240038/autosave → 200 (812ms)
[2026-06-08T02:04:06.355Z] GET /api/admin/metrics → 401 (1ms)
[2026-06-08T02:04:06.359Z] POST /api/meta/run → 422 (2ms)
[2026-06-08T02:04:06.362Z] POST /api/auth/register → 201 (3491ms)
[2026-06-08T02:04:06.366Z] POST /api/auth/register → 201 (3493ms)
[2026-06-08T02:04:06.369Z] POST /api/auth/register → 201 (3495ms)
[2026-06-08T02:04:06.432Z] POST /api/projects → 201 (289ms)
[2026-06-08T02:04:06.437Z] POST /api/meta/run → 200 (3ms)
[2026-06-08T02:04:06.445Z] POST /api/validation/check → 200 (3ms)
[2026-06-08T02:04:06.460Z] POST /api/meta/sensitivity → 200 (9ms)
[2026-06-08T02:04:06.461Z] PUT /api/projects/upsert-1780884240038/autosave → 200 (98ms)
[2026-06-08T02:04:06.467Z] POST /api/auth/register → 201 (2666ms)
[2026-06-08T02:04:06.470Z] POST /api/validation/check → 200 (2ms)
[2026-06-08T02:04:06.472Z] GET /api/admin/audit-log → 403 (44ms)
[2026-06-08T02:04:06.476Z] POST /api/meta/egger → 200 (3ms)
[2026-06-08T02:04:06.481Z] POST /api/auth/register → 201 (2679ms)
[2026-06-08T02:04:06.485Z] POST /api/validation/check → 200 (2ms)
[2026-06-08T02:04:06.488Z] DELETE /api/projects/wdcn1owf → 200 (39ms)
[2026-06-08T02:04:06.489Z] GET /api/projects/upsert-1780884240038 → 200 (12ms)
[2026-06-08T02:04:06.494Z] POST /api/meta/trimfill → 200 (4ms)
[2026-06-08T02:04:06.499Z] POST /api/validation/check → 400 (2ms)
[2026-06-08T02:04:06.504Z] PUT /api/projects/bad-payload-id/autosave → 400 (2ms)
[2026-06-08T02:04:06.610Z] POST /api/meta/subgroup → 200 (3ms)
[2026-06-08T02:04:06.612Z] POST /api/projects → 201 (166ms)
[2026-06-08T02:04:06.613Z] GET /api/projects → 200 (114ms)
[2026-06-08T02:04:06.617Z] POST /api/projects → 201 (178ms)
[2026-06-08T02:04:06.618Z] POST /api/auth/register → 409 (113ms)
[2026-06-08T02:04:06.832Z] POST /api/auth/register → 400 (1ms)
[2026-06-08T02:04:07.039Z] GET /api/projects → 200 (218ms)
[2026-06-08T02:04:07.042Z] PUT /api/projects/full-1780884240038/autosave → 200 (428ms)
[2026-06-08T02:04:07.044Z] POST /api/auth/register → 400 (0ms)
[2026-06-08T02:04:07.458Z] GET /api/projects/v93vgkms → 200 (208ms)
[2026-06-08T02:04:07.460Z] GET /api/projects?full=true → 200 (208ms)
[2026-06-08T02:04:07.461Z] POST /api/projects/jz2aqltd/studies → 201 (636ms)
[2026-06-08T02:04:07.462Z] POST /api/import/references → 200 (628ms)
[2026-06-08T02:04:07.833Z] GET /api/projects/nonexistentid000 → 404 (136ms)
[2026-06-08T02:04:07.835Z] GET /api/projects → 200 (136ms)
[2026-06-08T02:04:07.836Z] GET /api/projects/jz2aqltd/studies → 200 (135ms)
[2026-06-08T02:04:07.839Z] POST /api/auth/register → 201 (1352ms)
[2026-06-08T02:04:07.952Z] POST /api/auth/register → 201 (1457ms)
[2026-06-08T02:04:08.055Z] POST /api/import/references → 200 (350ms)
[2026-06-08T02:04:08.059Z] GET /api/projects/jz2aqltd/studies → 200 (114ms)
[2026-06-08T02:04:08.164Z] PUT /api/projects/dup-src-1780884240038/autosave → 200 (216ms)
[2026-06-08T02:04:08.269Z] POST /api/auth/login → 401 (319ms)
[2026-06-08T02:04:08.404Z] PUT /api/projects/v93vgkms → 200 (462ms)
[2026-06-08T02:04:08.405Z] GET /api/projects/nonexistentid000/studies → 404 (240ms)
[2026-06-08T02:04:08.517Z] POST /api/auth/register → 201 (1263ms)
[2026-06-08T02:04:08.720Z] POST /api/import/references → 200 (558ms)
[2026-06-08T02:04:08.721Z] PUT /api/projects/nonexistentid000 → 404 (211ms)
[2026-06-08T02:04:08.927Z] POST /api/projects/dup-src-1780884240038/duplicate → 201 (526ms)
[2026-06-08T02:04:09.278Z] PUT /api/projects/jz2aqltd/studies/nbrvjrkk → 200 (766ms)
[2026-06-08T02:04:09.282Z] POST /api/auth/login → 200 (1225ms)
[2026-06-08T02:04:09.485Z] POST /api/projects/does-not-exist-000/duplicate → 404 (212ms)
[2026-06-08T02:04:09.490Z] POST /api/projects → 201 (457ms)
[2026-06-08T02:04:09.697Z] POST /api/import/references → 200 (666ms)
[2026-06-08T02:04:09.699Z] PUT /api/projects/jz2aqltd/studies/nonexistentstudy → 404 (212ms)
[2026-06-08T02:04:09.835Z] GET /api/profile → 200 (141ms)
[2026-06-08T02:04:09.842Z] POST /api/auth/login → 401 (351ms)
[2026-06-08T02:04:09.875Z] GET /api/profile → 401 (1ms)
[2026-06-08T02:04:09.878Z] DELETE /api/projects/fu1wj7bs → 200 (179ms)
[2026-06-08T02:04:09.881Z] POST /api/auth/register → 201 (1474ms)
[2026-06-08T02:04:09.883Z] POST /api/auth/login → 200 (1160ms)
[2026-06-08T02:04:09.993Z] POST /api/import/references → 200 (156ms)
[2026-06-08T02:04:09.995Z] DELETE /api/projects/nonexistentid000 → 404 (107ms)
[2026-06-08T02:04:09.996Z] GET /api/auth/me → 200 (107ms)
[2026-06-08T02:04:09.997Z] POST /api/projects/jz2aqltd/studies → 201 (158ms)
[2026-06-08T02:04:09.998Z] PUT /api/profile → 200 (113ms)
[2026-06-08T02:04:10.110Z] PUT /api/profile → 400 (1ms)
[2026-06-08T02:04:10.314Z] GET /api/settings/public → 200 (210ms)
[2026-06-08T02:04:10.522Z] DELETE /api/projects/v93vgkms → 200 (421ms)
[2026-06-08T02:04:10.725Z] GET /api/settings/public → 200 (205ms)
[2026-06-08T02:04:10.727Z] POST /api/import/references → 200 (624ms)
[2026-06-08T02:04:10.728Z] POST /api/auth/login → 401 (410ms)
[2026-06-08T02:04:10.730Z] DELETE /api/projects/jz2aqltd/studies/hk8rgf32 → 200 (624ms)
[2026-06-08T02:04:10.973Z] GET /api/settings/public → 200 (110ms)
[2026-06-08T02:04:10.975Z] DELETE /api/projects/jz2aqltd/studies/nonexistentstudy → 404 (108ms)
[2026-06-08T02:04:10.977Z] POST /api/auth/register → 201 (1100ms)
[2026-06-08T02:04:11.215Z] GET /api/settings/public → 200 (107ms)
[2026-06-08T02:04:11.217Z] POST /api/import/references → 200 (352ms)
[2026-06-08T02:04:11.219Z] POST /api/auth/register → 201 (1227ms)
[2026-06-08T02:04:11.324Z] POST /api/import/references → 400 (2ms)
[2026-06-08T02:04:11.326Z] POST /api/projects → 201 (214ms)
[2026-06-08T02:04:11.327Z] DELETE /api/projects/jz2aqltd → 200 (218ms)
[2026-06-08T02:04:11.429Z] GET /api/settings/public → 200 (108ms)
[2026-06-08T02:04:11.740Z] GET /api/projects → 200 (207ms)
[2026-06-08T02:04:11.875Z] GET /api/settings/public → 200 (138ms)
[2026-06-08T02:04:11.877Z] DELETE /api/projects/x23y4x23 → 200 (346ms)
[2026-06-08T02:04:11.981Z] POST /api/auth/register → 201 (1117ms)
[2026-06-08T02:04:12.083Z] GET /api/settings/public → 200 (104ms)
[2026-06-08T02:04:12.087Z] POST /api/auth/login → 401 (211ms)
[2026-06-08T02:04:12.323Z] GET /api/settings/public → 200 (205ms)
[2026-06-08T02:04:12.324Z] POST /api/auth/login → 401 (999ms)
[2026-06-08T02:04:12.730Z] GET /api/settings/public → 200 (203ms)
[2026-06-08T02:04:12.936Z] POST /api/auth/login → 401 (408ms)
[2026-06-08T02:04:13.074Z] GET /api/settings/public → 200 (139ms)
[2026-06-08T02:04:13.309Z] POST /api/auth/login → 401 (234ms)
[2026-06-08T02:04:13.515Z] POST /api/auth/register → 201 (1295ms)
[2026-06-08T02:04:14.328Z] PUT /api/projects/regress-auto-1780884240075/autosave → 200 (611ms)
[2026-06-08T02:04:14.693Z] PUT /api/profile/password → 200 (2608ms)
[2026-06-08T02:04:14.796Z] POST /api/auth/login → 401 (234ms)
[2026-06-08T02:04:14.799Z] POST /api/auth/register → 201 (1621ms)
[2026-06-08T02:04:15.133Z] POST /api/auth/register → 201 (1620ms)
[2026-06-08T02:04:15.741Z] GET /api/auth/me → 200 (305ms)
[2026-06-08T02:04:16.048Z] GET /api/auth/me → 401 (1ms)
[2026-06-08T02:04:16.411Z] POST /api/auth/login → 401 (1616ms)
[2026-06-08T02:04:16.441Z] POST /api/auth/login → 401 (160ms)
[2026-06-08T02:04:16.444Z] POST /api/auth/login → 401 (1515ms)
[2026-06-08T02:04:16.651Z] POST /api/auth/register → 201 (1723ms)
[2026-06-08T02:04:17.057Z] POST /api/auth/login → 401 (409ms)
[2026-06-08T02:04:17.261Z] POST /api/auth/login → 401 (407ms)
[2026-06-08T02:04:17.408Z] POST /api/contact → 200 (148ms)
[2026-06-08T02:04:17.410Z] POST /api/auth/login → 200 (970ms)
[2026-06-08T02:04:17.513Z] POST /api/contact → 400 (1ms)
[2026-06-08T02:04:17.648Z] POST /api/contact → 400 (1ms)
[2026-06-08T02:04:17.954Z] POST /api/auth/register → 201 (1509ms)
[2026-06-08T02:04:18.159Z] POST /api/auth/logout → 200 (2ms)
[2026-06-08T02:04:18.365Z] POST /api/auth/logout → 401 (1ms)
[2026-06-08T02:04:18.569Z] GET /api/projects → 401 (1ms)
[2026-06-08T02:04:18.628Z] POST /api/projects → 401 (0ms)
[2026-06-08T02:04:18.630Z] PUT /api/profile/password → 401 (1116ms)
[2026-06-08T02:04:18.632Z] GET /api/health → 200 (1ms)
[2026-06-08T02:04:18.635Z] PUT /api/profile/password → 400 (2ms)
[2026-06-08T02:04:18.638Z] POST /api/auth/register → 201 (1232ms)
[2026-06-08T02:04:18.644Z] POST /api/auth/login → 401 (8ms)
[2026-06-08T02:04:18.749Z] POST /api/auth/login → 401 (110ms)
[2026-06-08T02:04:18.751Z] POST /api/projects → 201 (110ms)
[2026-06-08T02:04:18.956Z] GET /api/projects/hqic9adf → 404 (103ms)
[2026-06-08T02:04:19.493Z] POST /api/auth/login → 401 (333ms)
[2026-06-08T02:04:19.597Z] POST /api/auth/register → 201 (951ms)
[2026-06-08T02:04:19.930Z] POST /api/auth/login → 401 (231ms)
[2026-06-08T02:04:19.933Z] POST /api/auth/register → 201 (1081ms)
[2026-06-08T02:04:20.340Z] POST /api/auth/login → 401 (304ms)
[2026-06-08T02:04:20.574Z] POST /api/auth/register → 201 (979ms)
[2026-06-08T02:04:20.779Z] POST /api/auth/logout → 200 (2ms)
[2026-06-08T02:04:21.215Z] POST /api/auth/login → 401 (233ms)
[2026-06-08T02:04:21.218Z] POST /api/auth/register → 201 (1183ms)
[2026-06-08T02:04:21.454Z] POST /api/projects → 201 (133ms)
[2026-06-08T02:04:21.457Z] POST /api/auth/register → 201 (987ms)
[2026-06-08T02:04:21.663Z] GET /api/projects → 200 (105ms)
[2026-06-08T02:04:21.768Z] PUT /api/projects/iso-1780884258636/autosave → 200 (207ms)
[2026-06-08T02:04:21.902Z] POST /api/auth/login → 401 (135ms)
[2026-06-08T02:04:21.903Z] GET /api/projects/iso-1780884258636 → 404 (33ms)
[2026-06-08T02:04:22.011Z] POST /api/auth/register → 201 (692ms)
[2026-06-08T02:04:22.115Z] POST /api/auth/logout → 200 (2ms)
[2026-06-08T02:04:22.116Z] DELETE /api/projects/iso-1780884258636 → 200 (210ms)
[2026-06-08T02:04:22.330Z] GET /api/auth/me → 200 (112ms)
[2026-06-08T02:04:22.436Z] GET /api/health → 200 (1ms)
[2026-06-08T02:04:22.437Z] DELETE /api/projects/auto-1780884240038 → 200 (217ms)
[2026-06-08T02:04:22.438Z] DELETE /api/projects/full-1780884240038 → 200 (214ms)
[2026-06-08T02:04:22.439Z] DELETE /api/projects/ab0438e4 → 200 (212ms)
[2026-06-08T02:04:22.440Z] DELETE /api/projects/dup-src-1780884240038 → 200 (214ms)
[2026-06-08T02:04:22.441Z] DELETE /api/projects/upsert-1780884240038 → 200 (218ms)
[2026-06-08T02:04:22.482Z] POST /api/auth/register → 201 (577ms)
[2026-06-08T02:04:22.492Z] POST /api/auth/login → 401 (6ms)
[2026-06-08T02:04:23.036Z] POST /api/auth/register → 201 (542ms)
[2026-06-08T02:04:23.046Z] POST /api/projects → 201 (7ms)
[2026-06-08T02:04:23.050Z] GET /api/projects/3gsu0fbz → 404 (3ms)
[2026-06-08T02:04:49.125Z] GET /api/health → 200 (1ms)
[2026-06-08T02:04:49.149Z] GET /api/admin/metrics → 401 (1ms)
[2026-06-08T02:04:49.151Z] GET /api/admin/metrics → 401 (0ms)
[2026-06-08T02:04:49.157Z] GET /api/admin/metrics → 401 (0ms)
[2026-06-08T02:04:49.168Z] PUT /api/admin/settings → 401 (0ms)
[2026-06-08T02:04:49.180Z] GET /api/admin/metrics → 401 (1ms)
[2026-06-08T02:04:49.184Z] GET /api/admin/users → 401 (1ms)
[2026-06-08T02:04:49.189Z] GET /api/health → 200 (1ms)
[2026-06-08T02:04:49.198Z] GET /api/health → 200 (1ms)
[2026-06-08T02:04:49.200Z] POST /api/auth/login → 401 (9ms)
[2026-06-08T02:04:49.313Z] GET /api/health → 200 (1ms)
[2026-06-08T02:04:49.315Z] GET /api/health → 200 (1ms)
[2026-06-08T02:04:49.625Z] POST /api/auth/login → 401 (315ms)
[2026-06-08T02:04:49.932Z] POST /api/auth/login → 401 (512ms)
[2026-06-08T02:04:50.239Z] GET /api/health → 200 (1ms)
[2026-06-08T02:04:50.242Z] GET /api/health → 200 (0ms)
[2026-06-08T02:04:50.243Z] GET /api/health → 200 (0ms)
[2026-06-08T02:04:50.245Z] GET /api/health → 200 (1ms)
[2026-06-08T02:04:50.246Z] GET /api/health → 200 (1ms)
[2026-06-08T02:04:50.247Z] GET /api/health → 200 (1ms)
[2026-06-08T02:04:50.658Z] PUT /api/projects/any-project-id/autosave → 401 (0ms)
[2026-06-08T02:04:50.660Z] GET /api/health → 200 (0ms)
[2026-06-08T02:04:51.230Z] POST /api/projects/any-project-id/duplicate → 401 (1ms)
[2026-06-08T02:04:51.231Z] GET /api/health → 200 (0ms)
[2026-06-08T02:04:51.732Z] POST /api/auth/login → 401 (1078ms)
[2026-06-08T02:04:51.735Z] GET /api/profile → 401 (0ms)
[2026-06-08T02:04:51.736Z] POST /api/auth/login → 401 (1080ms)
[2026-06-08T02:04:51.737Z] POST /api/auth/login → 401 (1080ms)
[2026-06-08T02:04:51.738Z] GET /api/health → 200 (0ms)
[2026-06-08T02:04:51.741Z] POST /api/auth/register → 201 (2537ms)
[2026-06-08T02:04:52.093Z] PUT /api/profile/password → 401 (1ms)
[2026-06-08T02:04:52.098Z] GET /api/health → 200 (1ms)
[2026-06-08T02:04:52.100Z] POST /api/auth/register → 201 (2791ms)
[2026-06-08T02:04:52.102Z] GET /api/admin/metrics → 401 (1ms)
[2026-06-08T02:04:52.407Z] PUT /api/profile → 401 (1ms)
[2026-06-08T02:04:52.413Z] POST /api/auth/register → 201 (2992ms)
[2026-06-08T02:04:52.955Z] GET /api/health → 200 (1ms)
[2026-06-08T02:04:53.432Z] GET /api/admin/metrics → 403 (1023ms)
[2026-06-08T02:04:53.436Z] POST /api/auth/register → 201 (3506ms)
[2026-06-08T02:04:53.439Z] POST /api/auth/login → 200 (2784ms)
[2026-06-08T02:04:53.946Z] GET /api/admin/metrics → 401 (1ms)
[2026-06-08T02:04:53.949Z] POST /api/auth/register → 201 (3713ms)
[2026-06-08T02:04:54.468Z] POST /api/meta/run → 200 (2ms)
[2026-06-08T02:04:54.975Z] PUT /api/projects/auto-1780884289061/autosave → 200 (1024ms)
[2026-06-08T02:04:54.980Z] POST /api/meta/run → 200 (2ms)
[2026-06-08T02:04:54.981Z] POST /api/projects → 201 (1028ms)
[2026-06-08T02:04:55.280Z] PUT /api/admin/settings → 403 (821ms)
[2026-06-08T02:04:55.287Z] POST /api/meta/run → 422 (1ms)
[2026-06-08T02:04:55.420Z] GET /api/admin/metrics → 401 (1ms)
[2026-06-08T02:04:55.424Z] POST /api/meta/run → 200 (3ms)
[2026-06-08T02:04:55.427Z] POST /api/auth/register → 201 (3331ms)
[2026-06-08T02:04:55.429Z] POST /api/auth/register → 201 (3332ms)
[2026-06-08T02:04:55.431Z] POST /api/auth/register → 201 (3340ms)
[2026-06-08T02:04:55.464Z] PUT /api/projects/upsert-1780884289061/autosave → 200 (181ms)
[2026-06-08T02:04:55.470Z] POST /api/meta/sensitivity → 200 (5ms)
[2026-06-08T02:04:55.474Z] POST /api/auth/register → 201 (3059ms)
[2026-06-08T02:04:55.475Z] POST /api/projects → 201 (187ms)
[2026-06-08T02:04:55.482Z] POST /api/validation/check → 200 (2ms)
[2026-06-08T02:04:55.488Z] POST /api/meta/egger → 200 (2ms)
[2026-06-08T02:04:55.494Z] POST /api/auth/register → 201 (2535ms)
[2026-06-08T02:04:55.497Z] POST /api/validation/check → 200 (2ms)
[2026-06-08T02:04:55.501Z] POST /api/meta/trimfill → 200 (3ms)
[2026-06-08T02:04:55.503Z] POST /api/projects → 201 (27ms)
[2026-06-08T02:04:55.504Z] DELETE /api/projects/41abbvxg → 200 (15ms)
[2026-06-08T02:04:55.507Z] POST /api/validation/check → 200 (2ms)
[2026-06-08T02:04:55.508Z] POST /api/auth/register → 409 (16ms)
[2026-06-08T02:04:55.509Z] GET /api/projects/upsert-1780884289061 → 200 (25ms)
[2026-06-08T02:04:55.511Z] GET /api/admin/audit-log → 403 (50ms)
[2026-06-08T02:04:55.515Z] POST /api/meta/subgroup → 200 (3ms)
[2026-06-08T02:04:55.523Z] POST /api/validation/check → 400 (1ms)
[2026-06-08T02:04:55.524Z] POST /api/auth/register → 400 (0ms)
[2026-06-08T02:04:55.527Z] PUT /api/projects/bad-payload-id/autosave → 400 (2ms)
[2026-06-08T02:04:55.529Z] POST /api/projects → 201 (51ms)
[2026-06-08T02:04:55.632Z] POST /api/auth/register → 400 (0ms)
[2026-06-08T02:04:55.636Z] GET /api/projects → 200 (121ms)
[2026-06-08T02:04:56.048Z] PUT /api/projects/full-1780884289061/autosave → 200 (414ms)
[2026-06-08T02:04:56.049Z] POST /api/projects/cjuiav5o/studies → 201 (531ms)
[2026-06-08T02:04:56.051Z] GET /api/projects → 200 (208ms)
[2026-06-08T02:04:56.357Z] POST /api/import/references → 200 (720ms)
[2026-06-08T02:04:56.667Z] GET /api/projects?full=true → 200 (313ms)
[2026-06-08T02:04:56.670Z] GET /api/projects/q5fupzbw → 200 (310ms)
[2026-06-08T02:04:56.673Z] GET /api/projects/cjuiav5o/studies → 200 (311ms)
[2026-06-08T02:04:57.059Z] GET /api/projects → 200 (147ms)
[2026-06-08T02:04:57.060Z] GET /api/projects/nonexistentid000 → 404 (146ms)
[2026-06-08T02:04:57.061Z] GET /api/projects/cjuiav5o/studies → 200 (144ms)
[2026-06-08T02:04:57.064Z] POST /api/auth/register → 201 (1554ms)
[2026-06-08T02:04:57.173Z] POST /api/import/references → 200 (502ms)
[2026-06-08T02:04:57.176Z] POST /api/auth/register → 201 (1648ms)
[2026-06-08T02:04:57.212Z] GET /api/projects/nonexistentid000/studies → 404 (42ms)
[2026-06-08T02:04:57.422Z] PUT /api/projects/dup-src-1780884289061/autosave → 200 (254ms)
[2026-06-08T02:04:57.425Z] POST /api/auth/register → 201 (1583ms)
[2026-06-08T02:04:57.528Z] PUT /api/projects/q5fupzbw → 200 (362ms)
[2026-06-08T02:04:57.531Z] POST /api/auth/login → 401 (215ms)
[2026-06-08T02:04:57.637Z] POST /api/import/references → 200 (323ms)
[2026-06-08T02:04:57.943Z] PUT /api/projects/nonexistentid000 → 404 (309ms)
[2026-06-08T02:04:57.949Z] PUT /api/projects/cjuiav5o/studies/8g54y7ov → 200 (530ms)
[2026-06-08T02:04:58.193Z] POST /api/projects/dup-src-1780884289061/duplicate → 201 (664ms)
[2026-06-08T02:04:58.198Z] POST /api/auth/login → 200 (1024ms)
[2026-06-08T02:04:58.401Z] PUT /api/projects/cjuiav5o/studies/nonexistentstudy → 404 (211ms)
[2026-06-08T02:04:58.607Z] POST /api/projects → 201 (420ms)
[2026-06-08T02:04:58.612Z] POST /api/projects/does-not-exist-000/duplicate → 404 (210ms)
[2026-06-08T02:04:58.613Z] POST /api/import/references → 200 (667ms)
[2026-06-08T02:04:58.750Z] POST /api/auth/login → 401 (346ms)
[2026-06-08T02:04:58.755Z] POST /api/auth/login → 200 (1223ms)
[2026-06-08T02:04:58.858Z] GET /api/profile → 200 (110ms)
[2026-06-08T02:04:58.899Z] GET /api/profile → 401 (1ms)
[2026-06-08T02:04:58.900Z] DELETE /api/projects/f2jkn6v8 → 200 (154ms)
[2026-06-08T02:04:58.901Z] POST /api/projects/cjuiav5o/studies → 201 (292ms)
[2026-06-08T02:04:59.113Z] POST /api/import/references → 200 (361ms)
[2026-06-08T02:04:59.115Z] POST /api/auth/register → 201 (1376ms)
[2026-06-08T02:04:59.318Z] PUT /api/profile → 200 (212ms)
[2026-06-08T02:04:59.324Z] DELETE /api/projects/nonexistentid000 → 404 (216ms)
[2026-06-08T02:04:59.527Z] GET /api/auth/me → 200 (207ms)
[2026-06-08T02:04:59.530Z] PUT /api/profile → 400 (2ms)
[2026-06-08T02:04:59.736Z] DELETE /api/projects/cjuiav5o/studies/f20om5uf → 200 (626ms)
[2026-06-08T02:04:59.943Z] GET /api/settings/public → 200 (208ms)
[2026-06-08T02:04:59.947Z] POST /api/import/references → 200 (625ms)
[2026-06-08T02:04:59.949Z] DELETE /api/projects/q5fupzbw → 200 (417ms)
[2026-06-08T02:05:00.015Z] DELETE /api/projects/cjuiav5o/studies/nonexistentstudy → 404 (71ms)
[2026-06-08T02:05:00.018Z] POST /api/auth/login → 401 (278ms)
[2026-06-08T02:05:00.021Z] GET /api/settings/public → 200 (7ms)
[2026-06-08T02:05:00.027Z] POST /api/auth/register → 201 (1166ms)
[2026-06-08T02:05:00.129Z] GET /api/settings/public → 200 (104ms)
[2026-06-08T02:05:00.133Z] POST /api/auth/register → 201 (1274ms)
[2026-06-08T02:05:00.340Z] DELETE /api/projects/cjuiav5o → 200 (319ms)
[2026-06-08T02:05:00.342Z] POST /api/import/references → 200 (326ms)
[2026-06-08T02:05:00.545Z] GET /api/settings/public → 200 (310ms)
[2026-06-08T02:05:00.549Z] POST /api/import/references → 400 (2ms)
[2026-06-08T02:05:00.753Z] POST /api/projects → 201 (416ms)
[2026-06-08T02:05:00.958Z] GET /api/settings/public → 200 (206ms)
[2026-06-08T02:05:01.091Z] GET /api/projects → 200 (132ms)
[2026-06-08T02:05:01.092Z] DELETE /api/projects/qctm1fxs → 200 (338ms)
[2026-06-08T02:05:01.123Z] GET /api/settings/public → 200 (34ms)
[2026-06-08T02:05:01.128Z] POST /api/auth/register → 201 (1104ms)
[2026-06-08T02:05:01.135Z] POST /api/auth/login → 401 (1004ms)
[2026-06-08T02:05:01.338Z] POST /api/auth/login → 401 (213ms)
[2026-06-08T02:05:01.339Z] GET /api/settings/public → 200 (208ms)
[2026-06-08T02:05:01.544Z] GET /api/settings/public → 200 (103ms)
[2026-06-08T02:05:01.545Z] POST /api/auth/login → 401 (208ms)
[2026-06-08T02:05:01.883Z] GET /api/settings/public → 200 (135ms)
[2026-06-08T02:05:01.987Z] POST /api/auth/login → 401 (238ms)
[2026-06-08T02:05:02.190Z] GET /api/settings/public → 200 (204ms)
[2026-06-08T02:05:02.932Z] POST /api/auth/register → 201 (1490ms)
[2026-06-08T02:05:03.677Z] PUT /api/projects/regress-auto-1780884289124/autosave → 200 (439ms)
[2026-06-08T02:05:03.678Z] PUT /api/profile/password → 200 (2546ms)
[2026-06-08T02:05:03.946Z] POST /api/auth/register → 201 (1754ms)
[2026-06-08T02:05:04.047Z] POST /api/auth/login → 401 (240ms)
[2026-06-08T02:05:04.052Z] POST /api/auth/register → 201 (1657ms)
[2026-06-08T02:05:04.154Z] GET /api/auth/me → 200 (106ms)
[2026-06-08T02:05:04.359Z] GET /api/auth/me → 401 (1ms)
[2026-06-08T02:05:05.103Z] POST /api/auth/login → 401 (441ms)
[2026-06-08T02:05:05.104Z] POST /api/auth/login → 401 (1296ms)
[2026-06-08T02:05:05.777Z] POST /api/auth/login → 401 (1621ms)
[2026-06-08T02:05:05.983Z] POST /api/auth/register → 201 (1830ms)
[2026-06-08T02:05:06.389Z] POST /api/auth/login → 401 (409ms)
[2026-06-08T02:05:06.525Z] POST /api/auth/login → 401 (339ms)
[2026-06-08T02:05:06.555Z] POST /api/auth/login → 200 (1246ms)
[2026-06-08T02:05:06.557Z] POST /api/contact → 200 (33ms)
[2026-06-08T02:05:06.662Z] POST /api/contact → 400 (1ms)
[2026-06-08T02:05:06.664Z] POST /api/auth/register → 201 (1356ms)
[2026-06-08T02:05:06.969Z] POST /api/contact → 400 (1ms)
[2026-06-08T02:05:06.973Z] POST /api/auth/logout → 200 (2ms)
[2026-06-08T02:05:07.177Z] POST /api/auth/logout → 401 (1ms)
[2026-06-08T02:05:07.381Z] GET /api/projects → 401 (1ms)
[2026-06-08T02:05:07.585Z] POST /api/projects → 401 (1ms)
[2026-06-08T02:05:07.679Z] GET /api/health → 200 (0ms)
[2026-06-08T02:05:07.681Z] PUT /api/profile/password → 401 (1122ms)
[2026-06-08T02:05:07.686Z] PUT /api/profile/password → 400 (2ms)
[2026-06-08T02:05:07.688Z] POST /api/auth/register → 201 (1132ms)
[2026-06-08T02:05:07.695Z] POST /api/auth/login → 401 (6ms)
[2026-06-08T02:05:07.901Z] POST /api/projects → 201 (209ms)
[2026-06-08T02:05:07.903Z] POST /api/auth/login → 401 (221ms)
[2026-06-08T02:05:08.108Z] GET /api/projects/dd3kh61u → 404 (104ms)
[2026-06-08T02:05:08.547Z] POST /api/auth/login → 401 (236ms)
[2026-06-08T02:05:08.550Z] POST /api/auth/register → 201 (853ms)
[2026-06-08T02:05:08.886Z] POST /api/auth/login → 401 (233ms)
[2026-06-08T02:05:08.990Z] POST /api/auth/register → 201 (984ms)
[2026-06-08T02:05:09.497Z] POST /api/auth/login → 401 (405ms)
[2026-06-08T02:05:09.736Z] POST /api/auth/register → 201 (1084ms)
[2026-06-08T02:05:09.940Z] POST /api/auth/logout → 200 (2ms)
[2026-06-08T02:05:10.207Z] POST /api/auth/register → 201 (1219ms)
[2026-06-08T02:05:10.311Z] POST /api/auth/login → 401 (208ms)
[2026-06-08T02:05:10.444Z] PUT /api/projects/iso-1780884307687/autosave → 200 (135ms)
[2026-06-08T02:05:10.550Z] POST /api/auth/register → 201 (918ms)
[2026-06-08T02:05:10.651Z] GET /api/projects/iso-1780884307687 → 404 (105ms)
[2026-06-08T02:05:10.861Z] POST /api/projects → 201 (208ms)
[2026-06-08T02:05:10.966Z] DELETE /api/projects/iso-1780884307687 → 200 (210ms)
[2026-06-08T02:05:10.999Z] GET /api/projects → 200 (36ms)
[2026-06-08T02:05:11.016Z] POST /api/auth/register → 201 (602ms)
[2026-06-08T02:05:11.020Z] POST /api/auth/logout → 200 (3ms)
[2026-06-08T02:05:11.023Z] DELETE /api/projects/upsert-1780884289061 → 200 (21ms)
[2026-06-08T02:05:11.024Z] GET /api/auth/me → 200 (3ms)
[2026-06-08T02:05:11.029Z] GET /api/health → 200 (1ms)
[2026-06-08T02:05:11.030Z] DELETE /api/projects/full-1780884289061 → 200 (26ms)
[2026-06-08T02:05:11.033Z] POST /api/auth/login → 401 (23ms)
[2026-06-08T02:05:11.137Z] DELETE /api/projects/dup-src-1780884289061 → 200 (131ms)
[2026-06-08T02:05:11.139Z] DELETE /api/projects/38b2373b → 200 (131ms)
[2026-06-08T02:05:11.140Z] DELETE /api/projects/auto-1780884289061 → 200 (140ms)
[2026-06-08T02:05:11.583Z] POST /api/auth/register → 201 (548ms)
[2026-06-08T02:05:11.592Z] POST /api/auth/login → 401 (6ms)
[2026-06-08T02:05:12.136Z] POST /api/auth/register → 201 (542ms)
[2026-06-08T02:05:12.146Z] POST /api/projects → 201 (8ms)
[2026-06-08T02:05:12.150Z] GET /api/projects/ug8cnwj2 → 404 (2ms)
[2026-06-08T02:05:57.663Z] GET /api/health → 200 (1ms)
[2026-06-08T02:05:57.709Z] POST /api/auth/login → 401 (10ms)
[2026-06-08T02:05:57.819Z] GET /api/health → 200 (1ms)
[2026-06-08T02:05:57.825Z] GET /api/health → 200 (1ms)
[2026-06-08T02:05:57.929Z] GET /api/health → 200 (0ms)
[2026-06-08T02:05:57.934Z] GET /api/admin/metrics → 401 (1ms)
[2026-06-08T02:05:57.937Z] GET /api/health → 200 (1ms)
[2026-06-08T02:05:58.042Z] GET /api/admin/metrics → 401 (1ms)
[2026-06-08T02:05:58.251Z] GET /api/admin/metrics → 401 (1ms)
[2026-06-08T02:05:58.557Z] POST /api/auth/login → 401 (510ms)
[2026-06-08T02:05:58.561Z] PUT /api/admin/settings → 401 (1ms)
[2026-06-08T02:05:58.562Z] GET /api/health → 200 (0ms)
[2026-06-08T02:05:58.868Z] GET /api/admin/metrics → 401 (1ms)
[2026-06-08T02:05:58.873Z] GET /api/health → 200 (0ms)
[2026-06-08T02:05:58.875Z] GET /api/health → 200 (1ms)
[2026-06-08T02:05:58.876Z] GET /api/health → 200 (1ms)
[2026-06-08T02:05:58.877Z] GET /api/health → 200 (0ms)
[2026-06-08T02:05:58.878Z] GET /api/health → 200 (0ms)
[2026-06-08T02:05:59.148Z] GET /api/admin/users → 401 (1ms)
[2026-06-08T02:05:59.256Z] GET /api/health → 200 (0ms)
[2026-06-08T02:05:59.258Z] PUT /api/projects/any-project-id/autosave → 401 (0ms)
[2026-06-08T02:05:59.666Z] POST /api/auth/register → 201 (1953ms)
[2026-06-08T02:05:59.668Z] GET /api/health → 200 (1ms)
[2026-06-08T02:05:59.669Z] POST /api/projects/any-project-id/duplicate → 401 (0ms)
[2026-06-08T02:06:00.048Z] POST /api/auth/login → 401 (795ms)
[2026-06-08T02:06:00.051Z] GET /api/profile → 401 (1ms)
[2026-06-08T02:06:00.052Z] GET /api/health → 200 (1ms)
[2026-06-08T02:06:00.055Z] POST /api/auth/login → 401 (800ms)
[2026-06-08T02:06:00.056Z] POST /api/auth/login → 401 (802ms)
[2026-06-08T02:06:00.305Z] POST /api/auth/login → 401 (642ms)
[2026-06-08T02:06:00.308Z] GET /api/health → 200 (1ms)
[2026-06-08T02:06:00.309Z] PUT /api/profile/password → 401 (0ms)
[2026-06-08T02:06:00.314Z] POST /api/auth/register → 201 (2375ms)
[2026-06-08T02:06:00.520Z] PUT /api/profile → 401 (1ms)
[2026-06-08T02:06:00.521Z] PUT /api/projects/auto-1780884357544/autosave → 200 (468ms)
[2026-06-08T02:06:00.525Z] POST /api/auth/register → 201 (2480ms)
[2026-06-08T02:06:00.959Z] GET /api/health → 200 (1ms)
[2026-06-08T02:06:00.997Z] POST /api/auth/login → 200 (2125ms)
[2026-06-08T02:06:02.114Z] PUT /api/projects/upsert-1780884357544/autosave → 200 (1151ms)
[2026-06-08T02:06:02.118Z] POST /api/auth/register → 201 (3252ms)
[2026-06-08T02:06:02.727Z] POST /api/projects → 201 (1222ms)
[2026-06-08T02:06:02.731Z] POST /api/meta/run → 200 (2ms)
[2026-06-08T02:06:03.338Z] GET /api/projects/upsert-1780884357544 → 200 (613ms)
[2026-06-08T02:06:03.345Z] POST /api/meta/run → 200 (2ms)
[2026-06-08T02:06:03.768Z] PUT /api/projects/bad-payload-id/autosave → 400 (2ms)
[2026-06-08T02:06:03.773Z] POST /api/meta/run → 422 (2ms)
[2026-06-08T02:06:03.935Z] POST /api/projects → 201 (594ms)
[2026-06-08T02:06:03.938Z] POST /api/meta/run → 200 (2ms)
[2026-06-08T02:06:03.941Z] POST /api/auth/register → 201 (3629ms)
[2026-06-08T02:06:03.942Z] POST /api/auth/register → 201 (3631ms)
[2026-06-08T02:06:03.944Z] POST /api/auth/register → 201 (3640ms)
[2026-06-08T02:06:03.985Z] POST /api/meta/sensitivity → 200 (5ms)
[2026-06-08T02:06:03.988Z] POST /api/auth/register → 201 (3470ms)
[2026-06-08T02:06:03.990Z] POST /api/auth/register → 201 (3468ms)
[2026-06-08T02:06:03.996Z] POST /api/validation/check → 200 (2ms)
[2026-06-08T02:06:03.998Z] PUT /api/projects/full-1780884357544/autosave → 200 (66ms)
[2026-06-08T02:06:04.000Z] POST /api/meta/egger → 200 (1ms)
[2026-06-08T02:06:04.004Z] GET /api/admin/metrics → 401 (1ms)
[2026-06-08T02:06:04.008Z] POST /api/auth/register → 201 (3043ms)
[2026-06-08T02:06:04.012Z] POST /api/meta/trimfill → 200 (3ms)
[2026-06-08T02:06:04.014Z] DELETE /api/projects/rjvtc3u0 → 200 (36ms)
[2026-06-08T02:06:04.016Z] POST /api/validation/check → 200 (1ms)
[2026-06-08T02:06:04.020Z] POST /api/auth/register → 409 (17ms)
[2026-06-08T02:06:04.021Z] GET /api/projects?full=true → 200 (16ms)
[2026-06-08T02:06:04.027Z] POST /api/meta/subgroup → 200 (3ms)
[2026-06-08T02:06:04.030Z] POST /api/validation/check → 200 (1ms)
[2026-06-08T02:06:04.032Z] POST /api/auth/register → 400 (1ms)
[2026-06-08T02:06:04.034Z] POST /api/projects → 201 (43ms)
[2026-06-08T02:06:04.038Z] POST /api/validation/check → 400 (1ms)
[2026-06-08T02:06:04.041Z] POST /api/auth/register → 400 (1ms)
[2026-06-08T02:06:04.142Z] GET /api/projects → 200 (108ms)
[2026-06-08T02:06:04.144Z] POST /api/projects → 201 (151ms)
[2026-06-08T02:06:04.148Z] GET /api/projects → 200 (126ms)
[2026-06-08T02:06:04.259Z] GET /api/admin/metrics → 403 (242ms)
[2026-06-08T02:06:04.462Z] GET /api/projects → 200 (208ms)
[2026-06-08T02:06:04.466Z] GET /api/admin/metrics → 401 (1ms)
[2026-06-08T02:06:04.670Z] POST /api/import/references → 200 (525ms)
[2026-06-08T02:06:04.675Z] PUT /api/projects/dup-src-1780884357544/autosave → 200 (423ms)
[2026-06-08T02:06:04.879Z] GET /api/projects/hjsh6osk → 200 (211ms)
[2026-06-08T02:06:04.886Z] POST /api/projects/em0oxrxc/studies → 201 (630ms)
[2026-06-08T02:06:05.021Z] PUT /api/admin/settings → 403 (349ms)
[2026-06-08T02:06:05.127Z] GET /api/projects/nonexistentid000 → 404 (108ms)
[2026-06-08T02:06:05.130Z] GET /api/admin/metrics → 401 (1ms)
[2026-06-08T02:06:05.131Z] GET /api/projects/em0oxrxc/studies → 200 (108ms)
[2026-06-08T02:06:05.134Z] POST /api/auth/register → 201 (1104ms)
[2026-06-08T02:06:05.167Z] POST /api/import/references → 200 (285ms)
[2026-06-08T02:06:05.173Z] POST /api/projects/dup-src-1780884357544/duplicate → 201 (289ms)
[2026-06-08T02:06:05.177Z] GET /api/projects/em0oxrxc/studies → 200 (9ms)
[2026-06-08T02:06:05.384Z] POST /api/auth/register → 201 (1237ms)
[2026-06-08T02:06:05.389Z] GET /api/admin/audit-log → 403 (227ms)
[2026-06-08T02:06:05.490Z] PUT /api/projects/hjsh6osk → 200 (324ms)
[2026-06-08T02:06:05.493Z] GET /api/projects/nonexistentid000/studies → 404 (108ms)
[2026-06-08T02:06:05.495Z] POST /api/projects/does-not-exist-000/duplicate → 404 (114ms)
[2026-06-08T02:06:05.705Z] POST /api/import/references → 200 (530ms)
[2026-06-08T02:06:06.010Z] PUT /api/projects/nonexistentid000 → 404 (312ms)
[2026-06-08T02:06:06.013Z] GET /api/profile → 200 (310ms)
[2026-06-08T02:06:06.253Z] GET /api/profile → 401 (0ms)
[2026-06-08T02:06:06.255Z] POST /api/auth/login → 200 (1083ms)
[2026-06-08T02:06:06.458Z] PUT /api/projects/em0oxrxc/studies/elnsnygm → 200 (758ms)
[2026-06-08T02:06:06.669Z] PUT /api/profile → 200 (209ms)
[2026-06-08T02:06:06.670Z] POST /api/projects → 201 (421ms)
[2026-06-08T02:06:06.672Z] POST /api/import/references → 200 (658ms)
[2026-06-08T02:06:06.803Z] PUT /api/projects/em0oxrxc/studies/nonexistentstudy → 404 (138ms)
[2026-06-08T02:06:06.804Z] POST /api/auth/login → 401 (342ms)
[2026-06-08T02:06:06.807Z] PUT /api/profile → 400 (1ms)
[2026-06-08T02:06:06.813Z] POST /api/auth/login → 200 (1321ms)
[2026-06-08T02:06:06.960Z] DELETE /api/projects/bn8o3ck7 → 200 (152ms)
[2026-06-08T02:06:06.962Z] POST /api/import/references → 200 (152ms)
[2026-06-08T02:06:06.965Z] POST /api/auth/register → 201 (1471ms)
[2026-06-08T02:06:06.967Z] POST /api/auth/login → 401 (111ms)
[2026-06-08T02:06:07.171Z] POST /api/projects/em0oxrxc/studies → 201 (319ms)
[2026-06-08T02:06:07.379Z] DELETE /api/projects/nonexistentid000 → 404 (210ms)
[2026-06-08T02:06:07.691Z] POST /api/auth/login → 401 (514ms)
[2026-06-08T02:06:07.999Z] POST /api/import/references → 200 (824ms)
[2026-06-08T02:06:08.240Z] DELETE /api/projects/hjsh6osk → 200 (552ms)
[2026-06-08T02:06:08.244Z] DELETE /api/projects/em0oxrxc/studies/toz9m2ke → 200 (863ms)
[2026-06-08T02:06:08.488Z] POST /api/auth/register → 201 (1633ms)
[2026-06-08T02:06:08.693Z] DELETE /api/projects/em0oxrxc/studies/nonexistentstudy → 404 (209ms)
[2026-06-08T02:06:08.698Z] POST /api/auth/register → 201 (1840ms)
[2026-06-08T02:06:08.830Z] POST /api/import/references → 200 (588ms)
[2026-06-08T02:06:09.038Z] POST /api/import/references → 400 (2ms)
[2026-06-08T02:06:09.039Z] POST /api/projects → 201 (345ms)
[2026-06-08T02:06:09.041Z] POST /api/auth/register → 201 (1867ms)
[2026-06-08T02:06:09.244Z] DELETE /api/projects/em0oxrxc → 200 (416ms)
[2026-06-08T02:06:09.385Z] GET /api/projects → 200 (138ms)
[2026-06-08T02:06:09.689Z] DELETE /api/projects/m1mhbkn3 → 200 (444ms)
[2026-06-08T02:06:09.694Z] POST /api/auth/register → 201 (1697ms)
[2026-06-08T02:06:10.028Z] GET /api/auth/me → 200 (132ms)
[2026-06-08T02:06:10.029Z] POST /api/auth/login → 401 (338ms)
[2026-06-08T02:06:10.134Z] POST /api/auth/login → 401 (1302ms)
[2026-06-08T02:06:10.169Z] GET /api/settings/public → 200 (37ms)
[2026-06-08T02:06:10.475Z] GET /api/settings/public → 200 (203ms)
[2026-06-08T02:06:10.477Z] POST /api/auth/login → 401 (306ms)
[2026-06-08T02:06:10.882Z] GET /api/settings/public → 200 (203ms)
[2026-06-08T02:06:11.088Z] POST /api/auth/login → 401 (408ms)
[2026-06-08T02:06:11.220Z] GET /api/settings/public → 200 (133ms)
[2026-06-08T02:06:11.355Z] GET /api/settings/public → 200 (102ms)
[2026-06-08T02:06:11.358Z] POST /api/auth/register → 201 (1225ms)
[2026-06-08T02:06:11.359Z] PUT /api/profile/password → 200 (2110ms)
[2026-06-08T02:06:11.565Z] GET /api/settings/public → 200 (105ms)
[2026-06-08T02:06:11.871Z] PUT /api/projects/regress-auto-1780884357680/autosave → 200 (410ms)
[2026-06-08T02:06:12.075Z] GET /api/settings/public → 200 (205ms)
[2026-06-08T02:06:12.312Z] POST /api/auth/login → 401 (235ms)
[2026-06-08T02:06:12.313Z] GET /api/settings/public → 200 (103ms)
[2026-06-08T02:06:12.316Z] POST /api/auth/register → 201 (1095ms)
[2026-06-08T02:06:12.352Z] GET /api/settings/public → 200 (3ms)
[2026-06-08T02:06:12.454Z] GET /api/auth/me → 200 (105ms)
[2026-06-08T02:06:12.456Z] POST /api/auth/login → 401 (993ms)
[2026-06-08T02:06:12.558Z] GET /api/settings/public → 200 (103ms)
[2026-06-08T02:06:12.560Z] GET /api/auth/me → 401 (1ms)
[2026-06-08T02:06:13.270Z] POST /api/auth/login → 401 (506ms)
[2026-06-08T02:06:13.710Z] POST /api/auth/register → 201 (1362ms)
[2026-06-08T02:06:13.946Z] POST /api/auth/login → 200 (1385ms)
[2026-06-08T02:06:14.284Z] POST /api/auth/login → 401 (341ms)
[2026-06-08T02:06:14.592Z] POST /api/auth/register → 201 (1930ms)
[2026-06-08T02:06:15.436Z] POST /api/auth/register → 201 (1931ms)
[2026-06-08T02:06:15.675Z] POST /api/auth/logout → 200 (2ms)
[2026-06-08T02:06:15.677Z] PUT /api/profile/password → 401 (1526ms)
[2026-06-08T02:06:15.881Z] POST /api/auth/logout → 401 (1ms)
[2026-06-08T02:06:15.883Z] PUT /api/profile/password → 400 (1ms)
[2026-06-08T02:06:16.087Z] GET /api/projects → 401 (1ms)
[2026-06-08T02:06:16.150Z] POST /api/projects → 401 (0ms)
[2026-06-08T02:06:16.154Z] GET /api/health → 200 (0ms)
[2026-06-08T02:06:16.155Z] POST /api/auth/login → 401 (68ms)
[2026-06-08T02:06:16.260Z] POST /api/auth/login → 401 (103ms)
[2026-06-08T02:06:16.263Z] POST /api/auth/register → 201 (1674ms)
[2026-06-08T02:06:16.264Z] POST /api/auth/login → 401 (1469ms)
[2026-06-08T02:06:16.673Z] POST /api/projects → 201 (307ms)
[2026-06-08T02:06:16.674Z] POST /api/auth/login → 401 (306ms)
[2026-06-08T02:06:17.012Z] GET /api/projects/8lyhbfd2 → 404 (135ms)
[2026-06-08T02:06:17.013Z] POST /api/contact → 200 (134ms)
[2026-06-08T02:06:17.117Z] POST /api/contact → 400 (1ms)
[2026-06-08T02:06:17.119Z] POST /api/auth/register → 201 (961ms)
[2026-06-08T02:06:17.222Z] POST /api/contact → 400 (0ms)
[2026-06-08T02:06:17.254Z] POST /api/auth/login → 401 (139ms)
[2026-06-08T02:06:17.260Z] POST /api/auth/login → 401 (37ms)
[2026-06-08T02:06:17.366Z] POST /api/auth/register → 201 (1001ms)
[2026-06-08T02:06:17.973Z] POST /api/auth/login → 401 (405ms)
[2026-06-08T02:06:18.439Z] POST /api/auth/register → 201 (1177ms)
[2026-06-08T02:06:18.544Z] POST /api/auth/register → 201 (1288ms)
[2026-06-08T02:06:18.648Z] POST /api/auth/logout → 200 (2ms)
[2026-06-08T02:06:18.750Z] PUT /api/projects/iso-1780884375886/autosave → 200 (210ms)
[2026-06-08T02:06:18.884Z] GET /api/projects/iso-1780884375886 → 404 (31ms)
[2026-06-08T02:06:18.885Z] POST /api/auth/login → 401 (134ms)
[2026-06-08T02:06:18.892Z] POST /api/auth/register → 201 (716ms)
[2026-06-08T02:06:18.902Z] POST /api/projects → 201 (7ms)
[2026-06-08T02:06:19.007Z] GET /api/projects → 200 (103ms)
[2026-06-08T02:06:19.009Z] DELETE /api/projects/iso-1780884375886 → 200 (123ms)
[2026-06-08T02:06:19.322Z] DELETE /api/projects/auto-1780884357544 → 200 (212ms)
[2026-06-08T02:06:19.324Z] POST /api/auth/login → 401 (212ms)
[2026-06-08T02:06:19.325Z] DELETE /api/projects/full-1780884357544 → 200 (210ms)
[2026-06-08T02:06:19.326Z] DELETE /api/projects/985b26e7 → 200 (208ms)
[2026-06-08T02:06:19.327Z] DELETE /api/projects/upsert-1780884357544 → 200 (213ms)
[2026-06-08T02:06:19.328Z] DELETE /api/projects/dup-src-1780884357544 → 200 (211ms)
[2026-06-08T02:06:19.563Z] POST /api/auth/register → 201 (675ms)
[2026-06-08T02:06:19.667Z] POST /api/auth/logout → 200 (2ms)
[2026-06-08T02:06:19.872Z] GET /api/auth/me → 200 (103ms)
[2026-06-08T02:06:19.977Z] GET /api/health → 200 (1ms)
[2026-06-08T02:06:20.016Z] POST /api/auth/register → 201 (587ms)
[2026-06-08T02:06:20.025Z] POST /api/auth/login → 401 (6ms)
[2026-06-08T02:06:20.572Z] POST /api/auth/register → 201 (545ms)
[2026-06-08T02:06:20.582Z] POST /api/projects → 201 (8ms)
[2026-06-08T02:06:20.586Z] GET /api/projects/v59f9rci → 404 (2ms)
[2026-06-08T02:08:16.765Z] GET /api/settings/public → 304 (6ms)
[2026-06-08T02:08:16.769Z] GET /api/auth/me → 304 (9ms)
[2026-06-08T02:08:16.782Z] GET /api/settings/public → 304 (5ms)
[2026-06-08T02:08:16.784Z] GET /api/auth/me → 304 (5ms)
[2026-06-08T02:08:36.747Z] POST /api/contact → 200 (9ms)
[2026-06-08T02:08:43.355Z] GET /api/projects → 304 (4ms)
[2026-06-08T02:08:43.371Z] GET /api/projects → 304 (4ms)
[2026-06-08T02:08:50.204Z] GET /api/auth/me → 304 (3ms)
[2026-06-08T02:08:50.214Z] GET /api/auth/me → 304 (4ms)
[2026-06-08T02:08:50.403Z] GET /api/admin/metrics → 200 (20ms)
[2026-06-08T02:08:50.450Z] GET /api/admin/metrics → 304 (40ms)
[2026-06-08T02:09:07.819Z] GET /api/admin/users?page=1&limit=25 → 200 (8ms)
[2026-06-08T02:09:07.834Z] GET /api/admin/users?page=1&limit=25 → 304 (8ms)
[2026-06-08T02:09:25.071Z] GET /api/admin/users?page=1&limit=25&search=abdelmoezhj%40gmail.com → 200 (9ms)
[2026-06-08T02:09:29.202Z] GET /api/admin/projects?page=1&limit=25 → 200 (9ms)
[2026-06-08T02:09:29.218Z] GET /api/admin/projects?page=1&limit=25 → 304 (9ms)
[2026-06-08T02:09:31.584Z] GET /api/admin/landing-content → 304 (7ms)
[2026-06-08T02:09:31.598Z] GET /api/admin/landing-content → 304 (7ms)
[2026-06-08T02:09:33.603Z] GET /api/admin/settings → 304 (6ms)
[2026-06-08T02:09:33.615Z] GET /api/admin/settings → 304 (5ms)
[2026-06-08T02:09:36.405Z] GET /api/admin/feature-flags → 304 (5ms)
[2026-06-08T02:09:36.419Z] GET /api/admin/feature-flags → 304 (7ms)
[2026-06-08T02:09:38.694Z] GET /api/admin/contact-messages?page=1&limit=25 → 200 (8ms)
[2026-06-08T02:09:38.709Z] GET /api/admin/contact-messages?page=1&limit=25 → 304 (8ms)
[2026-06-08T02:11:09.692Z] GET /api/admin/audit-log?page=1&limit=25 → 304 (8ms)
[2026-06-08T02:11:09.707Z] GET /api/admin/audit-log?page=1&limit=25 → 304 (8ms)
[2026-06-08T02:11:09.721Z] GET /api/admin/audit-log?page=1&limit=25 → 304 (7ms)
[2026-06-08T02:11:09.736Z] GET /api/admin/audit-log?page=1&limit=25 → 304 (7ms)
[2026-06-08T02:11:12.059Z] GET /api/admin/security-events?page=1&limit=25 → 200 (7ms)
[2026-06-08T02:11:16.910Z] GET /api/admin/health → 200 (5ms)
[2026-06-08T02:11:16.922Z] GET /api/admin/health → 200 (5ms)
[2026-06-08T02:11:20.306Z] GET /api/admin/health → 200 (5ms)
[2026-06-08T02:11:21.398Z] GET /api/admin/health → 200 (4ms)
[2026-06-08T02:11:23.011Z] GET /api/admin/metrics → 304 (22ms)
[2026-06-08T02:11:23.042Z] GET /api/admin/metrics → 304 (25ms)
[2026-06-08T02:11:26.855Z] GET /api/admin/metrics → 304 (34ms)
[2026-06-08T02:11:54.767Z] GET /api/projects → 304 (28ms)
[2026-06-08T02:11:54.779Z] GET /api/projects → 304 (7ms)
[2026-06-08T02:46:43.375Z] GET /api/admin/metrics → 304 (32ms)
[2026-06-08T02:46:43.408Z] GET /api/admin/metrics → 304 (24ms)
[2026-06-08T02:47:56.905Z] GET /api/settings/public → 304 (3ms)
[2026-06-08T02:47:56.915Z] GET /api/settings/public → 304 (2ms)
[2026-06-08T02:47:58.344Z] GET /api/projects → 304 (5ms)
[2026-06-08T02:47:58.357Z] GET /api/projects → 304 (4ms)
[2026-06-08T02:47:59.130Z] GET /api/admin/metrics → 304 (30ms)
[2026-06-08T02:47:59.190Z] GET /api/admin/metrics → 304 (55ms)
[2026-06-08T02:48:00.575Z] GET /api/admin/contact-messages?page=1&limit=25 → 304 (9ms)
[2026-06-08T02:48:00.590Z] GET /api/admin/contact-messages?page=1&limit=25 → 304 (7ms)
[2026-06-08T02:50:29.975Z] GET /api/admin/settings → 304 (6ms)
[2026-06-08T02:50:29.988Z] GET /api/admin/settings → 304 (6ms)
[2026-06-08T02:50:30.806Z] GET /api/admin/landing-content → 304 (7ms)
[2026-06-08T02:50:30.820Z] GET /api/admin/landing-content → 304 (6ms)
[2026-06-08T02:50:31.679Z] GET /api/admin/projects?page=1&limit=25 → 304 (12ms)
[2026-06-08T02:50:31.695Z] GET /api/admin/projects?page=1&limit=25 → 304 (9ms)
[2026-06-08T02:50:32.830Z] GET /api/admin/users?page=1&limit=25 → 304 (8ms)
[2026-06-08T02:50:32.845Z] GET /api/admin/users?page=1&limit=25 → 304 (9ms)
[2026-06-08T02:50:33.657Z] GET /api/admin/projects?page=1&limit=25 → 304 (11ms)
[2026-06-08T02:50:33.675Z] GET /api/admin/projects?page=1&limit=25 → 304 (11ms)
[2026-06-08T02:50:38.976Z] GET /api/admin/users?page=1&limit=25 → 304 (9ms)
[2026-06-08T02:50:38.995Z] GET /api/admin/users?page=1&limit=25 → 304 (10ms)
[2026-06-08T02:51:25.643Z] GET /api/admin/metrics → 304 (22ms)
[2026-06-08T02:51:25.666Z] GET /api/admin/metrics → 304 (13ms)
[2026-06-08T02:52:26.096Z] GET /api/admin/feature-flags → 304 (8ms)
[2026-06-08T02:52:26.108Z] GET /api/admin/feature-flags → 304 (6ms)
[2026-06-08T02:52:28.268Z] GET /api/admin/audit-log?page=1&limit=25 → 304 (7ms)
[2026-06-08T02:52:28.281Z] GET /api/admin/audit-log?page=1&limit=25 → 304 (7ms)
[2026-06-08T02:52:28.294Z] GET /api/admin/audit-log?page=1&limit=25 → 304 (7ms)
[2026-06-08T02:52:28.309Z] GET /api/admin/audit-log?page=1&limit=25 → 304 (8ms)
[2026-06-08T02:52:29.575Z] GET /api/admin/health → 200 (7ms)
[2026-06-08T02:52:29.586Z] GET /api/admin/health → 200 (5ms)
[2026-06-08T02:52:30.385Z] GET /api/admin/feature-flags → 304 (7ms)
[2026-06-08T02:52:30.397Z] GET /api/admin/feature-flags → 304 (5ms)
[2026-06-08T02:52:31.191Z] GET /api/admin/contact-messages?page=1&limit=25 → 304 (11ms)
[2026-06-08T02:52:31.206Z] GET /api/admin/contact-messages?page=1&limit=25 → 304 (7ms)
[2026-06-08T02:52:32.294Z] GET /api/admin/users?page=1&limit=25 → 304 (9ms)
[2026-06-08T02:52:32.310Z] GET /api/admin/users?page=1&limit=25 → 304 (10ms)
[2026-06-08T02:52:32.973Z] GET /api/admin/metrics → 304 (14ms)
[2026-06-08T02:52:33.005Z] GET /api/admin/metrics → 304 (25ms)
[2026-06-08T02:52:37.195Z] GET /api/settings/public → 304 (5ms)
[2026-06-08T02:52:37.198Z] GET /api/auth/me → 304 (7ms)
[2026-06-08T02:52:37.206Z] GET /api/settings/public → 304 (4ms)
[2026-06-08T02:52:37.213Z] GET /api/auth/me → 304 (5ms)
[2026-06-08T03:25:14.464Z] GET /api/settings/public → 304 (118ms)
[2026-06-08T03:25:23.329Z] GET /api/settings/public → 304 (7ms)
[2026-06-08T03:25:29.336Z] GET /api/settings/public → 304 (2ms)
[2026-06-08T03:25:29.347Z] GET /api/settings/public → 304 (3ms)
[2026-06-08T03:25:38.319Z] GET /api/settings/public → 304 (3ms)
[2026-06-08T03:25:49.323Z] GET /api/settings/public → 304 (3ms)
[2026-06-08T03:34:56.367Z] GET /api/projects → 304 (283ms)
[2026-06-08T03:34:56.403Z] GET /api/projects → 304 (17ms)
[2026-06-08T03:35:01.852Z] GET /api/auth/me → 304 (49ms)
[2026-06-08T03:35:01.904Z] GET /api/auth/me → 304 (44ms)
[2026-06-08T03:35:02.015Z] GET /api/admin/health → 200 (61ms)
[2026-06-08T03:35:02.032Z] GET /api/admin/metrics → 304 (86ms)
[2026-06-08T03:35:02.034Z] GET /api/admin/health → 200 (9ms)
[2026-06-08T03:35:02.064Z] GET /api/admin/metrics → 304 (25ms)
[2026-06-08T03:35:02.091Z] GET /api/admin/metrics → 304 (19ms)
[2026-06-08T03:35:02.122Z] GET /api/admin/metrics → 304 (23ms)
[2026-06-08T03:35:26.889Z] GET /api/admin/users?page=1&limit=25 → 304 (24ms)
[2026-06-08T03:35:26.913Z] GET /api/admin/users?page=1&limit=25 → 304 (15ms)
[2026-06-08T03:35:33.785Z] GET /api/admin/users/6d305fde-b1f5-4f28-832c-3abd768cda83/projects? → 404 (9ms)
[2026-06-08T03:35:33.797Z] GET /api/admin/users/6d305fde-b1f5-4f28-832c-3abd768cda83/projects? → 404 (5ms)
[2026-06-08T03:35:42.493Z] GET /api/admin/users/8ffafe51-f284-44d2-aef2-7f45d3c2fd21/projects? → 404 (6ms)
[2026-06-08T03:35:42.505Z] GET /api/admin/users/8ffafe51-f284-44d2-aef2-7f45d3c2fd21/projects? → 404 (5ms)
[2026-06-08T03:35:48.425Z] GET /api/admin/projects?page=1&limit=25 → 304 (19ms)
[2026-06-08T03:35:48.443Z] GET /api/admin/projects?page=1&limit=25 → 304 (11ms)
[2026-06-08T03:35:50.808Z] GET /api/admin/landing-content → 304 (8ms)
[2026-06-08T03:35:50.822Z] GET /api/admin/landing-content → 304 (7ms)
[2026-06-08T03:36:01.979Z] GET /api/admin/settings → 304 (11ms)
[2026-06-08T03:36:01.996Z] GET /api/admin/settings → 304 (7ms)
[2026-06-08T03:36:04.853Z] GET /api/admin/feature-flags → 304 (8ms)
[2026-06-08T03:36:04.867Z] GET /api/admin/feature-flags → 304 (7ms)
[2026-06-08T03:36:06.394Z] GET /api/admin/contact-messages?page=1&limit=30&sort=newest → 200 (15ms)
[2026-06-08T03:36:06.411Z] GET /api/admin/contact-messages?page=1&limit=30&sort=newest → 304 (9ms)
[2026-06-08T03:36:11.336Z] PATCH /api/admin/contact-messages/23e460b1-bd37-4fdb-971e-81fac4cc7224 → 200 (32ms)
[2026-06-08T03:36:17.548Z] PATCH /api/admin/contact-messages/984111fe-ff40-46fa-9581-8d28e89b92ec → 200 (16ms)
[2026-06-08T03:36:30.362Z] GET /api/admin/health → 200 (7ms)
[2026-06-08T03:36:30.392Z] GET /api/admin/health → 200 (23ms)
[2026-06-08T03:36:31.624Z] GET /api/admin/audit-log?page=1&limit=25 → 304 (14ms)
[2026-06-08T03:36:31.639Z] GET /api/admin/audit-log?page=1&limit=25 → 304 (9ms)
[2026-06-08T03:36:31.655Z] GET /api/admin/audit-log?page=1&limit=25 → 304 (7ms)
[2026-06-08T03:36:31.671Z] GET /api/admin/audit-log?page=1&limit=25 → 304 (9ms)
[2026-06-08T03:36:32.118Z] GET /api/admin/contact-messages?page=1&limit=30&sort=newest → 200 (9ms)
[2026-06-08T03:36:32.138Z] GET /api/admin/contact-messages?page=1&limit=30&sort=newest → 304 (8ms)
[2026-06-08T03:36:34.870Z] GET /api/admin/health → 200 (12ms)
[2026-06-08T03:36:34.886Z] GET /api/admin/metrics → 200 (24ms)
[2026-06-08T03:36:34.887Z] GET /api/admin/health → 200 (9ms)
[2026-06-08T03:36:34.919Z] GET /api/admin/metrics → 304 (27ms)
[2026-06-08T03:37:46.124Z] GET /api/admin/contact-messages?page=1&limit=30&sort=newest → 304 (15ms)
[2026-06-08T03:37:46.152Z] GET /api/admin/contact-messages?page=1&limit=30&sort=newest → 304 (10ms)
[2026-06-08T03:37:46.629Z] GET /api/admin/audit-log?page=1&limit=25 → 304 (10ms)
[2026-06-08T03:37:46.649Z] GET /api/admin/audit-log?page=1&limit=25 → 304 (12ms)
[2026-06-08T03:37:46.665Z] GET /api/admin/audit-log?page=1&limit=25 → 304 (8ms)
[2026-06-08T03:37:46.681Z] GET /api/admin/audit-log?page=1&limit=25 → 304 (9ms)
[2026-06-08T03:37:47.897Z] GET /api/admin/contact-messages?page=1&limit=30&sort=newest → 304 (9ms)
[2026-06-08T03:37:47.919Z] GET /api/admin/contact-messages?page=1&limit=30&sort=newest → 304 (14ms)
[2026-06-08T03:37:49.351Z] GET /api/admin/audit-log?page=1&limit=25 → 304 (9ms)
[2026-06-08T03:37:49.366Z] GET /api/admin/audit-log?page=1&limit=25 → 304 (7ms)
[2026-06-08T03:37:49.387Z] GET /api/admin/audit-log?page=1&limit=25 → 304 (13ms)
[2026-06-08T03:37:49.405Z] GET /api/admin/audit-log?page=1&limit=25 → 304 (8ms)
[2026-06-08T03:37:50.383Z] GET /api/admin/security-events?page=1&limit=25 → 304 (17ms)
[2026-06-08T03:37:51.248Z] GET /api/admin/audit-log?page=1&limit=25 → 304 (6ms)
[2026-06-08T03:38:25.591Z] GET /api/admin/audit-log?page=1&limit=25 → 304 (149ms)
[2026-06-08T03:38:25.614Z] GET /api/admin/audit-log?page=1&limit=25 → 304 (14ms)
[2026-06-08T03:38:25.631Z] GET /api/admin/metrics → 304 (69ms)
[2026-06-08T03:38:28.329Z] GET /api/admin/audit-log?page=1&limit=25 → 304 (16ms)
[2026-06-08T03:38:28.349Z] GET /api/admin/metrics → 304 (31ms)
[2026-06-08T03:38:28.353Z] GET /api/admin/audit-log?page=1&limit=25 → 304 (10ms)
[2026-06-08T03:38:44.629Z] GET /api/admin/audit-log?page=1&limit=25 → 304 (47ms)
[2026-06-08T03:38:44.667Z] GET /api/admin/metrics → 304 (77ms)
[2026-06-08T03:38:44.671Z] GET /api/admin/audit-log?page=1&limit=25 → 304 (29ms)
[2026-06-08T03:38:53.369Z] GET /api/admin/metrics → 429 (14ms)
[2026-06-08T03:38:53.462Z] GET /api/admin/audit-log?page=1&limit=25 → 304 (130ms)
[2026-06-08T03:38:53.475Z] GET /api/admin/audit-log?page=1&limit=25 → 429 (6ms)
[2026-06-08T03:39:07.687Z] GET /api/admin/audit-log?page=1&limit=25 → 429 (6ms)
[2026-06-08T03:39:07.705Z] GET /api/admin/metrics → 429 (6ms)
[2026-06-08T03:39:07.714Z] GET /api/admin/audit-log?page=1&limit=25 → 429 (6ms)
[2026-06-08T03:39:17.341Z] GET /api/admin/audit-log?page=1&limit=25 → 429 (13ms)
[2026-06-08T03:39:17.374Z] GET /api/admin/metrics → 429 (10ms)
[2026-06-08T03:39:17.395Z] GET /api/admin/audit-log?page=1&limit=25 → 429 (14ms)
[2026-06-08T03:42:45.229Z] GET /api/admin/users?page=1&limit=25 → 429 (71ms)
[2026-06-08T03:42:45.249Z] GET /api/admin/users?page=1&limit=25 → 429 (5ms)
[2026-06-08T03:42:46.589Z] GET /api/admin/contact-messages?page=1&limit=30&sort=newest → 429 (5ms)
[2026-06-08T03:42:46.598Z] GET /api/admin/contact-messages?page=1&limit=30&sort=newest → 429 (3ms)
[2026-06-08T03:42:52.873Z] GET /api/auth/me → 304 (83ms)
[2026-06-08T03:42:52.878Z] GET /api/settings/public → 304 (131ms)
[2026-06-08T03:42:52.894Z] GET /api/auth/me → 304 (14ms)
[2026-06-08T03:42:52.897Z] GET /api/settings/public → 304 (4ms)
[2026-06-08T03:42:55.346Z] GET /api/projects → 304 (32ms)
[2026-06-08T03:42:55.355Z] GET /api/projects → 304 (4ms)
[2026-06-08T03:42:58.695Z] GET /api/auth/me → 304 (7ms)
[2026-06-08T03:42:58.707Z] GET /api/auth/me → 304 (5ms)
[2026-06-08T03:42:58.913Z] GET /api/admin/metrics → 429 (5ms)
[2026-06-08T03:42:58.922Z] GET /api/admin/health → 429 (6ms)
[2026-06-08T03:42:58.932Z] GET /api/admin/metrics → 429 (7ms)
[2026-06-08T03:42:58.940Z] GET /api/admin/health → 429 (5ms)
[2026-06-08T03:42:58.951Z] GET /api/admin/metrics → 429 (5ms)
[2026-06-08T03:42:58.964Z] GET /api/admin/metrics → 429 (5ms)
[2026-06-08T03:43:02.644Z] GET /api/admin/contact-messages?page=1&limit=30&sort=newest → 429 (6ms)
[2026-06-08T03:43:02.659Z] GET /api/admin/contact-messages?page=1&limit=30&sort=newest → 429 (5ms)
[2026-06-08T03:43:07.322Z] GET /api/projects → 304 (8ms)
[2026-06-08T03:43:07.348Z] GET /api/projects → 304 (15ms)
[2026-06-08T04:36:04.117Z] GET /api/projects → 304 (206ms)
[2026-06-08T04:36:04.146Z] GET /api/projects → 304 (18ms)
[2026-06-08T04:36:10.890Z] GET /api/auth/me → 304 (78ms)
[2026-06-08T04:36:10.895Z] GET /api/settings/public → 304 (46ms)
[2026-06-08T04:36:10.909Z] GET /api/settings/public → 304 (4ms)
[2026-06-08T04:36:10.922Z] GET /api/auth/me → 304 (23ms)
[2026-06-08T04:37:04.724Z] GET /api/projects → 304 (32ms)
[2026-06-08T04:37:04.741Z] GET /api/projects → 304 (7ms)
[2026-06-08T04:37:11.161Z] PUT /api/projects/msgy28r3/autosave → 200 (57ms)
[2026-06-08T04:38:40.430Z] GET /api/auth/me → 304 (31ms)
[2026-06-08T04:38:40.444Z] GET /api/auth/me → 304 (10ms)
[2026-06-08T04:38:41.614Z] GET /api/admin/health → 200 (77ms)
[2026-06-08T04:38:41.667Z] GET /api/admin/health → 200 (42ms)
[2026-06-08T04:38:41.678Z] GET /api/admin/metrics → 200 (158ms)
[2026-06-08T04:38:41.707Z] GET /api/admin/metrics → 304 (23ms)
[2026-06-08T04:38:41.762Z] GET /api/admin/metrics → 304 (40ms)
[2026-06-08T04:38:41.798Z] GET /api/admin/metrics → 304 (24ms)
[2026-06-08T04:38:57.489Z] GET /api/projects → 200 (8ms)
[2026-06-08T04:38:57.504Z] GET /api/projects → 304 (6ms)
[2026-06-08T04:38:57.533Z] GET /api/projects/msgy28r3 → 200 (9ms)
[2026-06-08T04:38:57.543Z] GET /api/projects/msgy28r3 → 304 (4ms)
[2026-06-08T04:39:49.787Z] GET /api/auth/me → 304 (5ms)
[2026-06-08T04:39:49.798Z] GET /api/auth/me → 304 (4ms)
[2026-06-08T04:39:49.915Z] GET /api/projects → 304 (4ms)
[2026-06-08T04:39:49.925Z] GET /api/projects → 304 (3ms)
[2026-06-08T04:39:50.413Z] GET /api/projects/msgy28r3 → 304 (5ms)
[2026-06-08T04:39:50.426Z] GET /api/projects/msgy28r3 → 304 (4ms)
[2026-06-08T04:40:14.317Z] GET /api/projects → 304 (6ms)
[2026-06-08T04:40:14.328Z] GET /api/projects → 304 (3ms)
[2026-06-08T04:40:14.335Z] GET /api/projects/msgy28r3 → 304 (4ms)
[2026-06-08T04:40:14.345Z] GET /api/projects/msgy28r3 → 304 (4ms)
[2026-06-08T04:42:59.167Z] GET /api/auth/me → 304 (20ms)
[2026-06-08T04:42:59.183Z] GET /api/auth/me → 304 (8ms)
[2026-06-08T04:42:59.524Z] GET /api/projects → 304 (7ms)
[2026-06-08T04:42:59.536Z] GET /api/projects → 304 (5ms)
[2026-06-08T04:43:00.155Z] GET /api/projects/msgy28r3 → 304 (8ms)
[2026-06-08T04:43:00.165Z] GET /api/projects/msgy28r3 → 304 (6ms)
[2026-06-08T04:43:03.314Z] GET /api/auth/me → 304 (19ms)
[2026-06-08T04:43:03.338Z] GET /api/settings/public → 304 (40ms)
[2026-06-08T04:43:03.342Z] GET /api/auth/me → 304 (21ms)
[2026-06-08T04:43:03.349Z] GET /api/settings/public → 304 (5ms)
[2026-06-08T04:43:05.920Z] GET /api/projects → 304 (15ms)
[2026-06-08T04:43:05.939Z] GET /api/projects → 304 (5ms)
[2026-06-08T04:43:05.953Z] GET /api/projects/msgy28r3 → 304 (9ms)
[2026-06-08T04:43:05.965Z] GET /api/projects/msgy28r3 → 304 (4ms)
[2026-06-08T04:43:11.381Z] GET /api/projects → 304 (5ms)
[2026-06-08T04:43:11.394Z] GET /api/projects → 304 (4ms)
[2026-06-08T04:43:22.232Z] GET /api/projects → 304 (16ms)
[2026-06-08T04:43:22.245Z] GET /api/projects → 304 (4ms)
[2026-06-08T04:43:22.263Z] GET /api/projects/msgy28r3 → 304 (4ms)
[2026-06-08T04:43:22.274Z] GET /api/projects/msgy28r3 → 304 (5ms)
[2026-06-08T04:43:26.002Z] GET /api/auth/me → 304 (121ms)
[2026-06-08T04:43:26.024Z] GET /api/auth/me → 304 (4ms)
[2026-06-08T04:43:26.209Z] GET /api/admin/health → 200 (21ms)
[2026-06-08T04:43:26.224Z] GET /api/admin/metrics → 304 (41ms)
[2026-06-08T04:43:26.230Z] GET /api/admin/health → 200 (11ms)
[2026-06-08T04:43:26.371Z] GET /api/admin/metrics → 304 (140ms)
[2026-06-08T04:43:26.441Z] GET /api/admin/metrics → 304 (62ms)
[2026-06-08T04:43:26.477Z] GET /api/admin/metrics → 304 (29ms)
[2026-06-08T04:43:32.701Z] GET /api/admin/users?page=1&limit=25 → 200 (19ms)
[2026-06-08T04:43:32.722Z] GET /api/admin/users?page=1&limit=25 → 304 (13ms)
[2026-06-08T04:43:34.925Z] GET /api/admin/health → 200 (9ms)
[2026-06-08T04:43:34.952Z] GET /api/admin/health → 200 (17ms)
[2026-06-08T04:43:34.954Z] GET /api/admin/metrics → 304 (34ms)
[2026-06-08T04:43:34.983Z] GET /api/admin/metrics → 304 (17ms)
[2026-06-08T04:43:49.408Z] GET /api/admin/users?page=1&limit=25 → 304 (12ms)
[2026-06-08T04:43:49.434Z] GET /api/admin/users?page=1&limit=25 → 304 (19ms)
[2026-06-08T04:43:50.680Z] GET /api/admin/projects?page=1&limit=25 → 200 (21ms)
[2026-06-08T04:43:50.699Z] GET /api/admin/projects?page=1&limit=25 → 304 (11ms)
[2026-06-08T04:43:51.785Z] GET /api/admin/contact-messages?page=1&limit=30&sort=newest → 200 (9ms)
[2026-06-08T04:43:51.801Z] GET /api/admin/contact-messages?page=1&limit=30&sort=newest → 304 (8ms)
[2026-06-08T04:44:02.686Z] GET /api/settings/public → 304 (6ms)
[2026-06-08T04:44:02.689Z] GET /api/auth/me → 304 (6ms)
[2026-06-08T04:44:02.696Z] GET /api/settings/public → 304 (2ms)
[2026-06-08T04:44:02.702Z] GET /api/auth/me → 304 (4ms)
[2026-06-08T04:44:20.431Z] POST /api/contact → 200 (28ms)
[2026-06-08T04:44:22.061Z] GET /api/projects → 304 (6ms)
[2026-06-08T04:44:22.073Z] GET /api/projects → 304 (4ms)
[2026-06-08T04:44:22.079Z] GET /api/projects/msgy28r3 → 304 (4ms)
[2026-06-08T04:44:22.090Z] GET /api/projects/msgy28r3 → 304 (4ms)
[2026-06-08T04:44:24.204Z] GET /api/auth/me → 304 (5ms)
[2026-06-08T04:44:24.214Z] GET /api/auth/me → 304 (4ms)
[2026-06-08T04:44:24.454Z] GET /api/admin/health → 200 (8ms)
[2026-06-08T04:44:24.471Z] GET /api/admin/health → 200 (12ms)
[2026-06-08T04:44:24.472Z] GET /api/admin/metrics → 200 (42ms)
[2026-06-08T04:44:24.513Z] GET /api/admin/metrics → 304 (34ms)
[2026-06-08T04:44:24.548Z] GET /api/admin/metrics → 304 (28ms)
[2026-06-08T04:44:24.568Z] GET /api/admin/metrics → 304 (14ms)
[2026-06-08T04:44:26.241Z] GET /api/admin/contact-messages?page=1&limit=30&sort=newest → 200 (10ms)
[2026-06-08T04:44:26.255Z] GET /api/admin/contact-messages?page=1&limit=30&sort=newest → 304 (7ms)
[2026-06-08T04:44:31.007Z] PATCH /api/admin/contact-messages/2e795b00-e139-417a-8b78-7c7d8a84faa5 → 200 (36ms)
[2026-06-08T04:44:36.853Z] GET /api/admin/contact-messages?page=1&limit=30&sort=newest&read=false → 200 (21ms)
[2026-06-08T04:44:37.839Z] GET /api/admin/contact-messages?page=1&limit=30&sort=newest → 200 (6ms)
[2026-06-08T04:44:41.241Z] GET /api/projects → 304 (4ms)
[2026-06-08T04:44:41.255Z] GET /api/projects → 304 (6ms)
[2026-06-08T04:44:41.274Z] GET /api/projects/msgy28r3 → 304 (3ms)
[2026-06-08T04:44:41.284Z] GET /api/projects/msgy28r3 → 304 (4ms)
[2026-06-08T06:12:48.085Z] GET /api/projects → 304 (101ms)
[2026-06-08T06:12:48.098Z] GET /api/projects → 304 (8ms)
[2026-06-08T06:12:48.569Z] GET /api/projects/msgy28r3 → 304 (8ms)
[2026-06-08T06:12:48.586Z] GET /api/projects/msgy28r3 → 304 (7ms)
[2026-06-08T06:12:52.668Z] GET /api/settings/public → 304 (14ms)
[2026-06-08T06:12:52.671Z] GET /api/auth/me → 304 (13ms)
[2026-06-08T06:12:52.684Z] GET /api/settings/public → 304 (5ms)
[2026-06-08T06:12:52.685Z] GET /api/auth/me → 304 (5ms)
[2026-06-08T14:06:17.341Z] GET /api/settings/public → 304 (18ms)
[2026-06-08T14:06:17.343Z] GET /api/auth/me → 304 (18ms)
[2026-06-08T14:06:17.353Z] GET /api/settings/public → 304 (5ms)
[2026-06-08T14:06:17.354Z] GET /api/auth/me → 304 (4ms)
[2026-06-08T14:06:35.948Z] GET /api/projects → 304 (8ms)
[2026-06-08T14:06:35.963Z] GET /api/projects → 304 (9ms)
[2026-06-08T14:06:35.965Z] GET /api/projects/msgy28r3 → 304 (5ms)
[2026-06-08T14:06:35.977Z] GET /api/projects/msgy28r3 → 304 (3ms)
[2026-06-08T14:06:54.914Z] GET /api/screening/projects → 404 (6ms)
[2026-06-08T14:06:54.924Z] GET /api/screening/projects → 404 (2ms)
[2026-06-08T14:07:01.273Z] GET /api/screening/projects → 404 (2ms)
[2026-06-08T14:07:01.882Z] GET /api/screening/projects → 404 (2ms)
[2026-06-08T14:07:16.376Z] POST /api/screening/projects → 404 (2ms)
[2026-06-08T14:07:51.009Z] POST /api/screening/projects → 404 (2ms)
[2026-06-08T14:08:34.002Z] POST /api/screening/projects → 404 (2ms)
[2026-06-08T14:10:16.243Z] GET /api/projects → 304 (5ms)
[2026-06-08T14:10:16.256Z] GET /api/projects → 304 (7ms)
[2026-06-08T14:10:16.262Z] GET /api/projects/msgy28r3 → 304 (4ms)
[2026-06-08T14:10:16.273Z] GET /api/projects/msgy28r3 → 304 (5ms)
[2026-06-08T14:22:14.325Z] GET /api/projects → 304 (5ms)
[2026-06-08T14:22:14.339Z] GET /api/projects/msgy28r3 → 304 (3ms)
[2026-06-08T14:30:45.101Z] GET /api/settings/public → 304 (5ms)
[2026-06-08T14:30:45.104Z] GET /api/auth/me → 304 (7ms)
[2026-06-08T14:30:45.111Z] GET /api/settings/public → 304 (2ms)
[2026-06-08T14:30:45.117Z] GET /api/auth/me → 304 (4ms)
[2026-06-08T14:30:52.017Z] GET /api/projects → 304 (4ms)
[2026-06-08T14:30:52.027Z] GET /api/projects → 304 (4ms)
[2026-06-08T14:30:52.034Z] GET /api/projects/msgy28r3 → 304 (5ms)
[2026-06-08T14:30:52.043Z] GET /api/projects/msgy28r3 → 304 (4ms)
[2026-06-08T14:31:10.543Z] GET /api/auth/me → 304 (4ms)
[2026-06-08T14:31:10.552Z] GET /api/auth/me → 304 (4ms)
[2026-06-08T14:31:10.631Z] GET /api/screening/projects → 404 (3ms)
[2026-06-08T14:31:10.640Z] GET /api/screening/projects → 404 (2ms)
[2026-06-08T14:31:12.189Z] GET /api/screening/projects → 404 (2ms)
[2026-06-08T14:31:12.849Z] GET /api/screening/projects → 404 (2ms)
[2026-06-08T14:31:16.912Z] POST /api/screening/projects → 404 (3ms)
[2026-06-08T14:33:19.261Z] GET /api/health → 200 (1ms)
[2026-06-08T14:34:51.759Z] GET /api/screening/health → 401 (1ms)
[2026-06-08T14:34:51.962Z] GET /api/screening/projects → 401 (1ms)
[2026-06-08T14:35:10.713Z] POST /api/auth/login → 401 (131ms)
[2026-06-08T14:35:27.844Z] POST /api/auth/register → 201 (715ms)
[2026-06-08T14:35:28.559Z] POST /api/auth/login → 200 (532ms)
[2026-06-08T14:35:40.366Z] GET /api/screening/health → 404 (2ms)
[2026-06-08T14:35:40.537Z] GET /api/screening/projects → 404 (2ms)
[2026-06-08T14:35:40.713Z] POST /api/screening/projects → 404 (1ms)
